[05-Jul-2025 01:25:26 Africa/Dar_es_Salaam] [2025-07-05 01:25:26] PDO Connection Error: SQLSTATE[HY000] [1049] Unknown database 'ak23stk'
[05-Jul-2025 01:32:31 Africa/Dar_es_Salaam] [2025-07-05 01:32:31] PDO Connection Error: SQLSTATE[HY000] [1049] Unknown database 'ak23stk'
[05-Jul-2025 01:45:43 Africa/Dar_es_Salaam] [2025-07-05 01:45:43] PDO Connection Error: SQLSTATE[HY000] [1049] Unknown database 'ak23stk'
[05-Jul-2025 01:51:17 Africa/Dar_es_Salaam] [2025-07-05 01:51:17] PDO Connection Error: SQLSTATE[HY000] [1049] Unknown database 'ak23stk'
[05-Jul-2025 01:51:20 Africa/Dar_es_Salaam] [2025-07-05 01:51:20] PDO Connection Error: SQLSTATE[HY000] [1049] Unknown database 'ak23stk'
[05-Jul-2025 01:52:19 Africa/Dar_es_Salaam] [2025-07-05 01:52:19] PDO Connection Error: SQLSTATE[HY000] [1049] Unknown database 'ak23stk'
[05-Jul-2025 01:56:27 Africa/Nairobi] PHP Warning:  Undefined variable $baseUrl in C:\wamp64\www\ak23stk\index.php on line 155
[05-Jul-2025 01:56:27 Africa/Nairobi] PHP Stack trace:
[05-Jul-2025 01:56:27 Africa/Nairobi] PHP   1. {main}() C:\wamp64\www\ak23stk\index.php:0
[05-Jul-2025 01:56:27 Africa/Nairobi] PHP Warning:  Undefined variable $baseUrl in C:\wamp64\www\ak23stk\index.php on line 155
[05-Jul-2025 01:56:27 Africa/Nairobi] PHP Stack trace:
[05-Jul-2025 01:56:27 Africa/Nairobi] PHP   1. {main}() C:\wamp64\www\ak23stk\index.php:0
[05-Jul-2025 01:56:27 Africa/Nairobi] PHP Warning:  Undefined variable $baseUrl in C:\wamp64\www\ak23stk\index.php on line 155
[05-Jul-2025 01:56:27 Africa/Nairobi] PHP Stack trace:
[05-Jul-2025 01:56:27 Africa/Nairobi] PHP   1. {main}() C:\wamp64\www\ak23stk\index.php:0
[05-Jul-2025 01:56:27 Africa/Nairobi] PHP Warning:  Undefined variable $baseUrl in C:\wamp64\www\ak23stk\index.php on line 155
[05-Jul-2025 01:56:27 Africa/Nairobi] PHP Stack trace:
[05-Jul-2025 01:56:27 Africa/Nairobi] PHP   1. {main}() C:\wamp64\www\ak23stk\index.php:0
[05-Jul-2025 01:56:27 Africa/Nairobi] PHP Warning:  Undefined variable $baseUrl in C:\wamp64\www\ak23stk\index.php on line 155
[05-Jul-2025 01:56:27 Africa/Nairobi] PHP Stack trace:
[05-Jul-2025 01:56:27 Africa/Nairobi] PHP   1. {main}() C:\wamp64\www\ak23stk\index.php:0
[05-Jul-2025 01:56:27 Africa/Nairobi] PHP Warning:  Undefined variable $baseUrl in C:\wamp64\www\ak23stk\index.php on line 155
[05-Jul-2025 01:56:27 Africa/Nairobi] PHP Stack trace:
[05-Jul-2025 01:56:27 Africa/Nairobi] PHP   1. {main}() C:\wamp64\www\ak23stk\index.php:0
[05-Jul-2025 01:56:27 Africa/Nairobi] PHP Warning:  Undefined variable $baseUrl in C:\wamp64\www\ak23stk\index.php on line 155
[05-Jul-2025 01:56:27 Africa/Nairobi] PHP Stack trace:
[05-Jul-2025 01:56:27 Africa/Nairobi] PHP   1. {main}() C:\wamp64\www\ak23stk\index.php:0
[05-Jul-2025 01:56:27 Africa/Nairobi] PHP Warning:  Undefined variable $baseUrl in C:\wamp64\www\ak23stk\index.php on line 155
[05-Jul-2025 01:56:27 Africa/Nairobi] PHP Stack trace:
[05-Jul-2025 01:56:27 Africa/Nairobi] PHP   1. {main}() C:\wamp64\www\ak23stk\index.php:0
[05-Jul-2025 01:56:27 Africa/Nairobi] PHP Warning:  Undefined variable $baseUrl in C:\wamp64\www\ak23stk\index.php on line 155
[05-Jul-2025 01:56:27 Africa/Nairobi] PHP Stack trace:
[05-Jul-2025 01:56:27 Africa/Nairobi] PHP   1. {main}() C:\wamp64\www\ak23stk\index.php:0
[05-Jul-2025 01:56:27 Africa/Nairobi] PHP Warning:  Undefined variable $baseUrl in C:\wamp64\www\ak23stk\index.php on line 155
[05-Jul-2025 01:56:27 Africa/Nairobi] PHP Stack trace:
[05-Jul-2025 01:56:27 Africa/Nairobi] PHP   1. {main}() C:\wamp64\www\ak23stk\index.php:0
[05-Jul-2025 01:56:27 Africa/Nairobi] PHP Warning:  Undefined variable $baseUrl in C:\wamp64\www\ak23stk\index.php on line 155
[05-Jul-2025 01:56:27 Africa/Nairobi] PHP Stack trace:
[05-Jul-2025 01:56:27 Africa/Nairobi] PHP   1. {main}() C:\wamp64\www\ak23stk\index.php:0
[05-Jul-2025 01:56:27 Africa/Nairobi] PHP Warning:  Undefined variable $baseUrl in C:\wamp64\www\ak23stk\index.php on line 205
[05-Jul-2025 01:56:27 Africa/Nairobi] PHP Stack trace:
[05-Jul-2025 01:56:27 Africa/Nairobi] PHP   1. {main}() C:\wamp64\www\ak23stk\index.php:0
[05-Jul-2025 01:56:27 Africa/Nairobi] PHP Warning:  Undefined variable $baseUrl in C:\wamp64\www\ak23stk\index.php on line 205
[05-Jul-2025 01:56:27 Africa/Nairobi] PHP Stack trace:
[05-Jul-2025 01:56:27 Africa/Nairobi] PHP   1. {main}() C:\wamp64\www\ak23stk\index.php:0
[05-Jul-2025 01:56:27 Africa/Nairobi] PHP Warning:  Undefined variable $baseUrl in C:\wamp64\www\ak23stk\index.php on line 205
[05-Jul-2025 01:56:27 Africa/Nairobi] PHP Stack trace:
[05-Jul-2025 01:56:27 Africa/Nairobi] PHP   1. {main}() C:\wamp64\www\ak23stk\index.php:0
[05-Jul-2025 01:56:27 Africa/Nairobi] PHP Warning:  Undefined variable $baseUrl in C:\wamp64\www\ak23stk\index.php on line 205
[05-Jul-2025 01:56:27 Africa/Nairobi] PHP Stack trace:
[05-Jul-2025 01:56:27 Africa/Nairobi] PHP   1. {main}() C:\wamp64\www\ak23stk\index.php:0
[05-Jul-2025 01:56:27 Africa/Nairobi] PHP Warning:  Undefined variable $baseUrl in C:\wamp64\www\ak23stk\index.php on line 320
[05-Jul-2025 01:56:27 Africa/Nairobi] PHP Stack trace:
[05-Jul-2025 01:56:27 Africa/Nairobi] PHP   1. {main}() C:\wamp64\www\ak23stk\index.php:0
[05-Jul-2025 01:56:27 Africa/Nairobi] PHP Warning:  Undefined variable $baseUrl in C:\wamp64\www\ak23stk\index.php on line 320
[05-Jul-2025 01:56:27 Africa/Nairobi] PHP Stack trace:
[05-Jul-2025 01:56:27 Africa/Nairobi] PHP   1. {main}() C:\wamp64\www\ak23stk\index.php:0
[05-Jul-2025 01:56:27 Africa/Nairobi] PHP Warning:  Undefined variable $baseUrl in C:\wamp64\www\ak23stk\index.php on line 320
[05-Jul-2025 01:56:27 Africa/Nairobi] PHP Stack trace:
[05-Jul-2025 01:56:27 Africa/Nairobi] PHP   1. {main}() C:\wamp64\www\ak23stk\index.php:0
[05-Jul-2025 01:56:27 Africa/Nairobi] PHP Warning:  Undefined variable $baseUrl in C:\wamp64\www\ak23stk\index.php on line 320
[05-Jul-2025 01:56:27 Africa/Nairobi] PHP Stack trace:
[05-Jul-2025 01:56:27 Africa/Nairobi] PHP   1. {main}() C:\wamp64\www\ak23stk\index.php:0
[05-Jul-2025 01:56:27 Africa/Nairobi] PHP Warning:  Undefined variable $baseUrl in C:\wamp64\www\ak23stk\index.php on line 320
[05-Jul-2025 01:56:27 Africa/Nairobi] PHP Stack trace:
[05-Jul-2025 01:56:27 Africa/Nairobi] PHP   1. {main}() C:\wamp64\www\ak23stk\index.php:0
[05-Jul-2025 01:56:27 Africa/Nairobi] PHP Warning:  Undefined variable $baseUrl in C:\wamp64\www\ak23stk\index.php on line 320
[05-Jul-2025 01:56:27 Africa/Nairobi] PHP Stack trace:
[05-Jul-2025 01:56:27 Africa/Nairobi] PHP   1. {main}() C:\wamp64\www\ak23stk\index.php:0
[05-Jul-2025 01:56:27 Africa/Nairobi] PHP Warning:  Undefined variable $baseUrl in C:\wamp64\www\ak23stk\index.php on line 320
[05-Jul-2025 01:56:27 Africa/Nairobi] PHP Stack trace:
[05-Jul-2025 01:56:27 Africa/Nairobi] PHP   1. {main}() C:\wamp64\www\ak23stk\index.php:0
[05-Jul-2025 01:56:27 Africa/Nairobi] PHP Warning:  Undefined variable $baseUrl in C:\wamp64\www\ak23stk\index.php on line 320
[05-Jul-2025 01:56:27 Africa/Nairobi] PHP Stack trace:
[05-Jul-2025 01:56:27 Africa/Nairobi] PHP   1. {main}() C:\wamp64\www\ak23stk\index.php:0
[05-Jul-2025 01:56:27 Africa/Nairobi] PHP Warning:  Undefined variable $baseUrl in C:\wamp64\www\ak23stk\index.php on line 320
[05-Jul-2025 01:56:27 Africa/Nairobi] PHP Stack trace:
[05-Jul-2025 01:56:27 Africa/Nairobi] PHP   1. {main}() C:\wamp64\www\ak23stk\index.php:0
[05-Jul-2025 01:56:27 Africa/Nairobi] PHP Warning:  Undefined variable $baseUrl in C:\wamp64\www\ak23stk\index.php on line 320
[05-Jul-2025 01:56:27 Africa/Nairobi] PHP Stack trace:
[05-Jul-2025 01:56:27 Africa/Nairobi] PHP   1. {main}() C:\wamp64\www\ak23stk\index.php:0
[05-Jul-2025 01:56:27 Africa/Nairobi] PHP Warning:  Undefined variable $baseUrl in C:\wamp64\www\ak23stk\index.php on line 320
[05-Jul-2025 01:56:27 Africa/Nairobi] PHP Stack trace:
[05-Jul-2025 01:56:27 Africa/Nairobi] PHP   1. {main}() C:\wamp64\www\ak23stk\index.php:0
[05-Jul-2025 01:56:27 Africa/Nairobi] PHP Warning:  Undefined variable $baseUrl in C:\wamp64\www\ak23stk\index.php on line 320
[05-Jul-2025 01:56:27 Africa/Nairobi] PHP Stack trace:
[05-Jul-2025 01:56:27 Africa/Nairobi] PHP   1. {main}() C:\wamp64\www\ak23stk\index.php:0
[05-Jul-2025 01:56:27 Africa/Nairobi] PHP Warning:  Undefined variable $baseUrl in C:\wamp64\www\ak23stk\index.php on line 328
[05-Jul-2025 01:56:27 Africa/Nairobi] PHP Stack trace:
[05-Jul-2025 01:56:27 Africa/Nairobi] PHP   1. {main}() C:\wamp64\www\ak23stk\index.php:0
[05-Jul-2025 01:56:27 Africa/Nairobi] PHP Warning:  Undefined variable $baseUrl in C:\wamp64\www\ak23stk\index.php on line 329
[05-Jul-2025 01:56:27 Africa/Nairobi] PHP Stack trace:
[05-Jul-2025 01:56:27 Africa/Nairobi] PHP   1. {main}() C:\wamp64\www\ak23stk\index.php:0
[05-Jul-2025 01:56:27 Africa/Nairobi] PHP Warning:  Undefined variable $baseUrl in C:\wamp64\www\ak23stk\index.php on line 330
[05-Jul-2025 01:56:27 Africa/Nairobi] PHP Stack trace:
[05-Jul-2025 01:56:27 Africa/Nairobi] PHP   1. {main}() C:\wamp64\www\ak23stk\index.php:0
[05-Jul-2025 01:56:27 Africa/Nairobi] PHP Warning:  Undefined variable $baseUrl in C:\wamp64\www\ak23stk\index.php on line 331
[05-Jul-2025 01:56:27 Africa/Nairobi] PHP Stack trace:
[05-Jul-2025 01:56:27 Africa/Nairobi] PHP   1. {main}() C:\wamp64\www\ak23stk\index.php:0
[05-Jul-2025 01:56:27 Africa/Nairobi] PHP Warning:  Undefined variable $baseUrl in C:\wamp64\www\ak23stk\index.php on line 332
[05-Jul-2025 01:56:27 Africa/Nairobi] PHP Stack trace:
[05-Jul-2025 01:56:27 Africa/Nairobi] PHP   1. {main}() C:\wamp64\www\ak23stk\index.php:0
[05-Jul-2025 01:56:46 Africa/Nairobi] PHP Warning:  Undefined variable $baseUrl in C:\wamp64\www\ak23stk\index.php on line 155
[05-Jul-2025 01:56:46 Africa/Nairobi] PHP Stack trace:
[05-Jul-2025 01:56:46 Africa/Nairobi] PHP   1. {main}() C:\wamp64\www\ak23stk\index.php:0
[05-Jul-2025 01:56:46 Africa/Nairobi] PHP Warning:  Undefined variable $baseUrl in C:\wamp64\www\ak23stk\index.php on line 155
[05-Jul-2025 01:56:46 Africa/Nairobi] PHP Stack trace:
[05-Jul-2025 01:56:46 Africa/Nairobi] PHP   1. {main}() C:\wamp64\www\ak23stk\index.php:0
[05-Jul-2025 01:56:46 Africa/Nairobi] PHP Warning:  Undefined variable $baseUrl in C:\wamp64\www\ak23stk\index.php on line 155
[05-Jul-2025 01:56:46 Africa/Nairobi] PHP Stack trace:
[05-Jul-2025 01:56:46 Africa/Nairobi] PHP   1. {main}() C:\wamp64\www\ak23stk\index.php:0
[05-Jul-2025 01:56:46 Africa/Nairobi] PHP Warning:  Undefined variable $baseUrl in C:\wamp64\www\ak23stk\index.php on line 155
[05-Jul-2025 01:56:46 Africa/Nairobi] PHP Stack trace:
[05-Jul-2025 01:56:46 Africa/Nairobi] PHP   1. {main}() C:\wamp64\www\ak23stk\index.php:0
[05-Jul-2025 01:56:46 Africa/Nairobi] PHP Warning:  Undefined variable $baseUrl in C:\wamp64\www\ak23stk\index.php on line 155
[05-Jul-2025 01:56:46 Africa/Nairobi] PHP Stack trace:
[05-Jul-2025 01:56:46 Africa/Nairobi] PHP   1. {main}() C:\wamp64\www\ak23stk\index.php:0
[05-Jul-2025 01:56:46 Africa/Nairobi] PHP Warning:  Undefined variable $baseUrl in C:\wamp64\www\ak23stk\index.php on line 155
[05-Jul-2025 01:56:46 Africa/Nairobi] PHP Stack trace:
[05-Jul-2025 01:56:46 Africa/Nairobi] PHP   1. {main}() C:\wamp64\www\ak23stk\index.php:0
[05-Jul-2025 01:56:46 Africa/Nairobi] PHP Warning:  Undefined variable $baseUrl in C:\wamp64\www\ak23stk\index.php on line 155
[05-Jul-2025 01:56:46 Africa/Nairobi] PHP Stack trace:
[05-Jul-2025 01:56:46 Africa/Nairobi] PHP   1. {main}() C:\wamp64\www\ak23stk\index.php:0
[05-Jul-2025 01:56:46 Africa/Nairobi] PHP Warning:  Undefined variable $baseUrl in C:\wamp64\www\ak23stk\index.php on line 155
[05-Jul-2025 01:56:46 Africa/Nairobi] PHP Stack trace:
[05-Jul-2025 01:56:46 Africa/Nairobi] PHP   1. {main}() C:\wamp64\www\ak23stk\index.php:0
[05-Jul-2025 01:56:46 Africa/Nairobi] PHP Warning:  Undefined variable $baseUrl in C:\wamp64\www\ak23stk\index.php on line 155
[05-Jul-2025 01:56:46 Africa/Nairobi] PHP Stack trace:
[05-Jul-2025 01:56:46 Africa/Nairobi] PHP   1. {main}() C:\wamp64\www\ak23stk\index.php:0
[05-Jul-2025 01:56:46 Africa/Nairobi] PHP Warning:  Undefined variable $baseUrl in C:\wamp64\www\ak23stk\index.php on line 155
[05-Jul-2025 01:56:46 Africa/Nairobi] PHP Stack trace:
[05-Jul-2025 01:56:46 Africa/Nairobi] PHP   1. {main}() C:\wamp64\www\ak23stk\index.php:0
[05-Jul-2025 01:56:46 Africa/Nairobi] PHP Warning:  Undefined variable $baseUrl in C:\wamp64\www\ak23stk\index.php on line 155
[05-Jul-2025 01:56:46 Africa/Nairobi] PHP Stack trace:
[05-Jul-2025 01:56:46 Africa/Nairobi] PHP   1. {main}() C:\wamp64\www\ak23stk\index.php:0
[05-Jul-2025 01:56:46 Africa/Nairobi] PHP Warning:  Undefined variable $baseUrl in C:\wamp64\www\ak23stk\index.php on line 205
[05-Jul-2025 01:56:46 Africa/Nairobi] PHP Stack trace:
[05-Jul-2025 01:56:46 Africa/Nairobi] PHP   1. {main}() C:\wamp64\www\ak23stk\index.php:0
[05-Jul-2025 01:56:46 Africa/Nairobi] PHP Warning:  Undefined variable $baseUrl in C:\wamp64\www\ak23stk\index.php on line 205
[05-Jul-2025 01:56:46 Africa/Nairobi] PHP Stack trace:
[05-Jul-2025 01:56:46 Africa/Nairobi] PHP   1. {main}() C:\wamp64\www\ak23stk\index.php:0
[05-Jul-2025 01:56:46 Africa/Nairobi] PHP Warning:  Undefined variable $baseUrl in C:\wamp64\www\ak23stk\index.php on line 205
[05-Jul-2025 01:56:46 Africa/Nairobi] PHP Stack trace:
[05-Jul-2025 01:56:46 Africa/Nairobi] PHP   1. {main}() C:\wamp64\www\ak23stk\index.php:0
[05-Jul-2025 01:56:46 Africa/Nairobi] PHP Warning:  Undefined variable $baseUrl in C:\wamp64\www\ak23stk\index.php on line 205
[05-Jul-2025 01:56:46 Africa/Nairobi] PHP Stack trace:
[05-Jul-2025 01:56:46 Africa/Nairobi] PHP   1. {main}() C:\wamp64\www\ak23stk\index.php:0
[05-Jul-2025 01:56:46 Africa/Nairobi] PHP Warning:  Undefined variable $baseUrl in C:\wamp64\www\ak23stk\index.php on line 320
[05-Jul-2025 01:56:46 Africa/Nairobi] PHP Stack trace:
[05-Jul-2025 01:56:46 Africa/Nairobi] PHP   1. {main}() C:\wamp64\www\ak23stk\index.php:0
[05-Jul-2025 01:56:46 Africa/Nairobi] PHP Warning:  Undefined variable $baseUrl in C:\wamp64\www\ak23stk\index.php on line 320
[05-Jul-2025 01:56:46 Africa/Nairobi] PHP Stack trace:
[05-Jul-2025 01:56:46 Africa/Nairobi] PHP   1. {main}() C:\wamp64\www\ak23stk\index.php:0
[05-Jul-2025 01:56:46 Africa/Nairobi] PHP Warning:  Undefined variable $baseUrl in C:\wamp64\www\ak23stk\index.php on line 320
[05-Jul-2025 01:56:46 Africa/Nairobi] PHP Stack trace:
[05-Jul-2025 01:56:46 Africa/Nairobi] PHP   1. {main}() C:\wamp64\www\ak23stk\index.php:0
[05-Jul-2025 01:56:46 Africa/Nairobi] PHP Warning:  Undefined variable $baseUrl in C:\wamp64\www\ak23stk\index.php on line 320
[05-Jul-2025 01:56:46 Africa/Nairobi] PHP Stack trace:
[05-Jul-2025 01:56:46 Africa/Nairobi] PHP   1. {main}() C:\wamp64\www\ak23stk\index.php:0
[05-Jul-2025 01:56:46 Africa/Nairobi] PHP Warning:  Undefined variable $baseUrl in C:\wamp64\www\ak23stk\index.php on line 320
[05-Jul-2025 01:56:46 Africa/Nairobi] PHP Stack trace:
[05-Jul-2025 01:56:46 Africa/Nairobi] PHP   1. {main}() C:\wamp64\www\ak23stk\index.php:0
[05-Jul-2025 01:56:46 Africa/Nairobi] PHP Warning:  Undefined variable $baseUrl in C:\wamp64\www\ak23stk\index.php on line 320
[05-Jul-2025 01:56:46 Africa/Nairobi] PHP Stack trace:
[05-Jul-2025 01:56:46 Africa/Nairobi] PHP   1. {main}() C:\wamp64\www\ak23stk\index.php:0
[05-Jul-2025 01:56:46 Africa/Nairobi] PHP Warning:  Undefined variable $baseUrl in C:\wamp64\www\ak23stk\index.php on line 320
[05-Jul-2025 01:56:46 Africa/Nairobi] PHP Stack trace:
[05-Jul-2025 01:56:46 Africa/Nairobi] PHP   1. {main}() C:\wamp64\www\ak23stk\index.php:0
[05-Jul-2025 01:56:46 Africa/Nairobi] PHP Warning:  Undefined variable $baseUrl in C:\wamp64\www\ak23stk\index.php on line 320
[05-Jul-2025 01:56:46 Africa/Nairobi] PHP Stack trace:
[05-Jul-2025 01:56:46 Africa/Nairobi] PHP   1. {main}() C:\wamp64\www\ak23stk\index.php:0
[05-Jul-2025 01:56:46 Africa/Nairobi] PHP Warning:  Undefined variable $baseUrl in C:\wamp64\www\ak23stk\index.php on line 320
[05-Jul-2025 01:56:46 Africa/Nairobi] PHP Stack trace:
[05-Jul-2025 01:56:46 Africa/Nairobi] PHP   1. {main}() C:\wamp64\www\ak23stk\index.php:0
[05-Jul-2025 01:56:46 Africa/Nairobi] PHP Warning:  Undefined variable $baseUrl in C:\wamp64\www\ak23stk\index.php on line 320
[05-Jul-2025 01:56:46 Africa/Nairobi] PHP Stack trace:
[05-Jul-2025 01:56:46 Africa/Nairobi] PHP   1. {main}() C:\wamp64\www\ak23stk\index.php:0
[05-Jul-2025 01:56:46 Africa/Nairobi] PHP Warning:  Undefined variable $baseUrl in C:\wamp64\www\ak23stk\index.php on line 320
[05-Jul-2025 01:56:46 Africa/Nairobi] PHP Stack trace:
[05-Jul-2025 01:56:46 Africa/Nairobi] PHP   1. {main}() C:\wamp64\www\ak23stk\index.php:0
[05-Jul-2025 01:56:46 Africa/Nairobi] PHP Warning:  Undefined variable $baseUrl in C:\wamp64\www\ak23stk\index.php on line 320
[05-Jul-2025 01:56:46 Africa/Nairobi] PHP Stack trace:
[05-Jul-2025 01:56:46 Africa/Nairobi] PHP   1. {main}() C:\wamp64\www\ak23stk\index.php:0
[05-Jul-2025 01:56:46 Africa/Nairobi] PHP Warning:  Undefined variable $baseUrl in C:\wamp64\www\ak23stk\index.php on line 328
[05-Jul-2025 01:56:46 Africa/Nairobi] PHP Stack trace:
[05-Jul-2025 01:56:46 Africa/Nairobi] PHP   1. {main}() C:\wamp64\www\ak23stk\index.php:0
[05-Jul-2025 01:56:46 Africa/Nairobi] PHP Warning:  Undefined variable $baseUrl in C:\wamp64\www\ak23stk\index.php on line 329
[05-Jul-2025 01:56:46 Africa/Nairobi] PHP Stack trace:
[05-Jul-2025 01:56:46 Africa/Nairobi] PHP   1. {main}() C:\wamp64\www\ak23stk\index.php:0
[05-Jul-2025 01:56:46 Africa/Nairobi] PHP Warning:  Undefined variable $baseUrl in C:\wamp64\www\ak23stk\index.php on line 330
[05-Jul-2025 01:56:46 Africa/Nairobi] PHP Stack trace:
[05-Jul-2025 01:56:46 Africa/Nairobi] PHP   1. {main}() C:\wamp64\www\ak23stk\index.php:0
[05-Jul-2025 01:56:46 Africa/Nairobi] PHP Warning:  Undefined variable $baseUrl in C:\wamp64\www\ak23stk\index.php on line 331
[05-Jul-2025 01:56:46 Africa/Nairobi] PHP Stack trace:
[05-Jul-2025 01:56:46 Africa/Nairobi] PHP   1. {main}() C:\wamp64\www\ak23stk\index.php:0
[05-Jul-2025 01:56:46 Africa/Nairobi] PHP Warning:  Undefined variable $baseUrl in C:\wamp64\www\ak23stk\index.php on line 332
[05-Jul-2025 01:56:46 Africa/Nairobi] PHP Stack trace:
[05-Jul-2025 01:56:46 Africa/Nairobi] PHP   1. {main}() C:\wamp64\www\ak23stk\index.php:0
[05-Jul-2025 01:59:08 Africa/Dar_es_Salaam] PHP Warning:  Undefined variable $baseUrl in C:\wamp64\www\ak23stk\product-details.php on line 157
[05-Jul-2025 01:59:08 Africa/Dar_es_Salaam] PHP Stack trace:
[05-Jul-2025 01:59:08 Africa/Dar_es_Salaam] PHP   1. {main}() C:\wamp64\www\ak23stk\product-details.php:0
[05-Jul-2025 01:59:08 Africa/Dar_es_Salaam] PHP Warning:  Undefined variable $baseUrl in C:\wamp64\www\ak23stk\product-details.php on line 158
[05-Jul-2025 01:59:08 Africa/Dar_es_Salaam] PHP Stack trace:
[05-Jul-2025 01:59:08 Africa/Dar_es_Salaam] PHP   1. {main}() C:\wamp64\www\ak23stk\product-details.php:0
[05-Jul-2025 01:59:08 Africa/Dar_es_Salaam] PHP Warning:  Undefined variable $baseUrl in C:\wamp64\www\ak23stk\product-details.php on line 176
[05-Jul-2025 01:59:08 Africa/Dar_es_Salaam] PHP Stack trace:
[05-Jul-2025 01:59:08 Africa/Dar_es_Salaam] PHP   1. {main}() C:\wamp64\www\ak23stk\product-details.php:0
[05-Jul-2025 01:59:08 Africa/Dar_es_Salaam] PHP Warning:  Undefined variable $baseUrl in C:\wamp64\www\ak23stk\product-details.php on line 335
[05-Jul-2025 01:59:08 Africa/Dar_es_Salaam] PHP Stack trace:
[05-Jul-2025 01:59:08 Africa/Dar_es_Salaam] PHP   1. {main}() C:\wamp64\www\ak23stk\product-details.php:0
[05-Jul-2025 01:59:08 Africa/Dar_es_Salaam] PHP Warning:  Undefined variable $baseUrl in C:\wamp64\www\ak23stk\product-details.php on line 335
[05-Jul-2025 01:59:08 Africa/Dar_es_Salaam] PHP Stack trace:
[05-Jul-2025 01:59:08 Africa/Dar_es_Salaam] PHP   1. {main}() C:\wamp64\www\ak23stk\product-details.php:0
[05-Jul-2025 01:59:08 Africa/Dar_es_Salaam] PHP Warning:  Undefined variable $baseUrl in C:\wamp64\www\ak23stk\product-details.php on line 335
[05-Jul-2025 01:59:08 Africa/Dar_es_Salaam] PHP Stack trace:
[05-Jul-2025 01:59:08 Africa/Dar_es_Salaam] PHP   1. {main}() C:\wamp64\www\ak23stk\product-details.php:0
[05-Jul-2025 01:59:08 Africa/Dar_es_Salaam] PHP Warning:  Undefined variable $baseUrl in C:\wamp64\www\ak23stk\product-details.php on line 356
[05-Jul-2025 01:59:08 Africa/Dar_es_Salaam] PHP Stack trace:
[05-Jul-2025 01:59:08 Africa/Dar_es_Salaam] PHP   1. {main}() C:\wamp64\www\ak23stk\product-details.php:0
[05-Jul-2025 02:15:00 Africa/Dar_es_Salaam] Database error: SQLSTATE[42S22]: Column not found: 1054 Unknown column 'is_trending' in 'where clause'
